<?xml version="1.0" encoding="UTF-8"?>
<Site BuildName="(empty)"
	BuildStamp="20250728-0250-Experimental"
	Name="(empty)"
	Generator="ctest-3.31.0-rc2"
	CompilerName=""
	CompilerVersion=""
	OSName="Windows"
	Hostname="DESKTOP-GO9KJRD"
	OSRelease=" Professional"
	OSVersion=" (Build 19045)"
	OSPlatform="AMD64"
	Is64Bits="1"
	VendorString="GenuineIntel"
	VendorID="Intel Corporation"
	FamilyID="6"
	ModelID="5"
	ModelName=""
	ProcessorCacheSize="-1"
	NumberOfLogicalCPU="16"
	NumberOfPhysicalCPU="8"
	TotalVirtualMemory="36380"
	TotalPhysicalMemory="16089"
	LogicalProcessorsPerPhysical="2"
	ProcessorClockFrequency="2904"
	>
	<Testing>
		<StartDateTime>Jul 28 21:58 [NON-UTF-8-BYTE-0xD6]й[NON-UTF-8-BYTE-0xFA][NON-UTF-8-BYTE-0xB1][NON-UTF-8-BYTE-0xEA]׼ʱ[NON-UTF-8-BYTE-0xBC][NON-UTF-8-BYTE-0xE4]</StartDateTime>
		<StartTestTime>1753711118</StartTestTime>
		<TestList>
			<Test>./tests/Solution1Test.HasCycle</Test>
		</TestList>
		<Test Status="passed">
			<Name>Solution1Test.HasCycle</Name>
			<Path>./tests</Path>
			<FullName>./tests/Solution1Test.HasCycle</FullName>
			<FullCommandLine>D:\cmakelearn\build\bin\tests.exe "--gtest_filter=Solution1Test.HasCycle" "--gtest_also_run_disabled_tests"</FullCommandLine>
			<Results>
				<NamedMeasurement type="numeric/double" name="Execution Time">
					<Value>0.013792</Value>
				</NamedMeasurement>
				<NamedMeasurement type="numeric/double" name="Processors">
					<Value>1</Value>
				</NamedMeasurement>
				<NamedMeasurement type="text/string" name="Completion Status">
					<Value>Completed</Value>
				</NamedMeasurement>
				<NamedMeasurement type="text/string" name="Command Line">
					<Value>D:\cmakelearn\build\bin\tests.exe "--gtest_filter=Solution1Test.HasCycle" "--gtest_also_run_disabled_tests"</Value>
				</NamedMeasurement>
				<NamedMeasurement type="text/string" name="Environment">
					<Value>#CTEST_RESOURCE_GROUP_COUNT=</Value>
				</NamedMeasurement>
				<Measurement>
					<Value encoding="base64" compression="gzip">eJyNUcFqwzAMvfsrdGwOMeu10MNYRwuDdiTbKQnFS9XM1JaLrWz07xcnpTSDQHV6+D1L70lZS6SpAas0zRI4emdhtShrq05oUHkq+Vv7w/6sPF/KxrnGIGPgexh8XTYR7WMXWddi6xgXsO4l8NExcNSG0cMScmda1o7m8VluVHi51AZFsbxVBdnV1By4/xtNXXFoNaMURXqrCtbGfSkz8Eg/2juySJ0WOW3P/8T3PUdeRAHZ5xb6qiZtDjzs3iY1MHsCG5IHpw5qYMfKJOKxXNzdJT24XxpvbWpb4BXJ8Zwuxvtznr+uYtRBK8UftjupGg==</Value>
				</Measurement>
			</Results>
		</Test>
		<EndDateTime>Jul 28 21:58 [NON-UTF-8-BYTE-0xD6]й[NON-UTF-8-BYTE-0xFA][NON-UTF-8-BYTE-0xB1][NON-UTF-8-BYTE-0xEA]׼ʱ[NON-UTF-8-BYTE-0xBC][NON-UTF-8-BYTE-0xE4]</EndDateTime>
		<EndTestTime>1753711118</EndTestTime>
		<ElapsedMinutes>0</ElapsedMinutes>
	</Testing>
</Site>
